<?xml version="1.0" encoding="UTF-8"?>
<!-- Generated by org.testng.reporters.JUnitReportReporter -->
<testsuite skipped="0" hostname="SRIKANTH-S" name="mobile.ebay.basetest.BaseTest" tests="1" failures="0" timestamp="21 Jul 2019 07:30:22 GMT" time="98.297" errors="0">
  <testcase name="beforeMethod" time="98.297" classname="mobile.ebay.basetest.BaseTest"/>
</testsuite> <!-- mobile.ebay.basetest.BaseTest -->
