<?xml version="1.0" encoding="UTF-8"?>
<!-- Generated by org.testng.reporters.JUnitReportReporter -->
<testsuite skipped="0" hostname="DESKTOP-5N8LBO3" name="mobile.ebay.basetest.DataVerification_Test" tests="1" failures="0" timestamp="28 Jul 2019 02:23:03 GMT" time="46.474" errors="0">
  <testcase name="dataVerification_ProductAndCheckoutScreen" time="46.474" classname="mobile.ebay.basetest.DataVerification_Test"/>
</testsuite> <!-- mobile.ebay.basetest.DataVerification_Test -->
